<?xml version="1.0" encoding="UTF-8"?>
<coverage generated="1547850692003" clover="3.2.0">
  <project timestamp="1547850692003" name="All files">
    <metrics statements="21" coveredstatements="21" conditionals="6" coveredconditionals="6" methods="12" coveredmethods="12" elements="39" coveredelements="39" complexity="0" loc="21" ncloc="21" packages="1" files="4" classes="4">
      <file name="gem.js" path="/Users/holdes07/Code/games/personal/mini-match-3/src/gem.js">
        <metrics statements="1" coveredstatements="1" conditionals="0" coveredconditionals="0" methods="1" coveredmethods="1"/>
        <line num="3" count="360" type="stmt"/>
      </file>
      <file name="grid.js" path="/Users/holdes07/Code/games/personal/mini-match-3/src/grid.js">
        <metrics statements="6" coveredstatements="6" conditionals="0" coveredconditionals="0" methods="7" coveredmethods="7"/>
        <line num="6" count="10" type="stmt"/>
        <line num="7" count="10" type="stmt"/>
        <line num="11" count="360" type="stmt"/>
        <line num="15" count="10" type="stmt"/>
        <line num="19" count="9" type="stmt"/>
        <line num="23" count="4" type="stmt"/>
      </file>
      <file name="is-neighbour.js" path="/Users/holdes07/Code/games/personal/mini-match-3/src/is-neighbour.js">
        <metrics statements="2" coveredstatements="2" conditionals="4" coveredconditionals="4" methods="1" coveredmethods="1"/>
        <line num="1" count="1" type="stmt"/>
        <line num="2" count="9" type="cond" truecount="4" falsecount="0"/>
      </file>
      <file name="swap.js" path="/Users/holdes07/Code/games/personal/mini-match-3/src/swap.js">
        <metrics statements="12" coveredstatements="12" conditionals="2" coveredconditionals="2" methods="3" coveredmethods="3"/>
        <line num="5" count="9" type="stmt"/>
        <line num="6" count="9" type="stmt"/>
        <line num="10" count="9" type="cond" truecount="2" falsecount="0"/>
        <line num="11" count="4" type="stmt"/>
        <line num="13" count="5" type="stmt"/>
        <line num="18" count="4" type="stmt"/>
        <line num="19" count="4" type="stmt"/>
        <line num="20" count="4" type="stmt"/>
        <line num="21" count="4" type="stmt"/>
        <line num="22" count="4" type="stmt"/>
        <line num="23" count="4" type="stmt"/>
        <line num="24" count="4" type="stmt"/>
      </file>
    </metrics>
  </project>
</coverage>
