{"/Users/holdes07/Code/games/personal/mini-match-3/src/gem.js": {"path":"/Users/holdes07/Code/games/personal/mini-match-3/src/gem.js","statementMap":{"0":{"start":{"line":3,"column":4},"end":{"line":3,"column":20}}},"fnMap":{"0":{"name":"(anonymous_0)","decl":{"start":{"line":2,"column":2},"end":{"line":2,"column":3}},"loc":{"start":{"line":2,"column":20},"end":{"line":4,"column":3}},"line":2}},"branchMap":{},"s":{"0":360},"f":{"0":360},"b":{},"_coverageSchema":"332fd63041d2c1bcb487cc26dd0d5f7d97098a6c","hash":"232aa2e22923e381044b0f0f92d3f5cc1094b013"}
,"/Users/holdes07/Code/games/personal/mini-match-3/src/grid.js": {"path":"/Users/holdes07/Code/games/personal/mini-match-3/src/grid.js","statementMap":{"0":{"start":{"line":6,"column":4},"end":{"line":6,"column":24}},"1":{"start":{"line":7,"column":4},"end":{"line":7,"column":32}},"2":{"start":{"line":11,"column":4},"end":{"line":11,"column":71}},"3":{"start":{"line":11,"column":37},"end":{"line":11,"column":70}},"4":{"start":{"line":11,"column":56},"end":{"line":11,"column":69}},"5":{"start":{"line":15,"column":4},"end":{"line":15,"column":47}},"6":{"start":{"line":19,"column":4},"end":{"line":19,"column":35}},"7":{"start":{"line":23,"column":4},"end":{"line":23,"column":30}}},"fnMap":{"0":{"name":"(anonymous_0)","decl":{"start":{"line":5,"column":2},"end":{"line":5,"column":3}},"loc":{"start":{"line":5,"column":22},"end":{"line":8,"column":3}},"line":5},"1":{"name":"(anonymous_1)","decl":{"start":{"line":10,"column":2},"end":{"line":10,"column":3}},"loc":{"start":{"line":10,"column":11},"end":{"line":12,"column":3}},"line":10},"2":{"name":"(anonymous_2)","decl":{"start":{"line":11,"column":27},"end":{"line":11,"column":28}},"loc":{"start":{"line":11,"column":37},"end":{"line":11,"column":70}},"line":11},"3":{"name":"(anonymous_3)","decl":{"start":{"line":11,"column":48},"end":{"line":11,"column":49}},"loc":{"start":{"line":11,"column":56},"end":{"line":11,"column":69}},"line":11},"4":{"name":"(anonymous_4)","decl":{"start":{"line":14,"column":2},"end":{"line":14,"column":3}},"loc":{"start":{"line":14,"column":15},"end":{"line":16,"column":3}},"line":14},"5":{"name":"(anonymous_5)","decl":{"start":{"line":18,"column":2},"end":{"line":18,"column":3}},"loc":{"start":{"line":18,"column":17},"end":{"line":20,"column":3}},"line":18},"6":{"name":"(anonymous_6)","decl":{"start":{"line":22,"column":2},"end":{"line":22,"column":3}},"loc":{"start":{"line":22,"column":22},"end":{"line":24,"column":3}},"line":22}},"branchMap":{},"s":{"0":10,"1":10,"2":10,"3":60,"4":360,"5":10,"6":9,"7":4},"f":{"0":10,"1":10,"2":60,"3":360,"4":10,"5":9,"6":4},"b":{},"_coverageSchema":"332fd63041d2c1bcb487cc26dd0d5f7d97098a6c","hash":"cb1c614aa9d74c6639b80e0a868fd063c8e65c58"}
,"/Users/holdes07/Code/games/personal/mini-match-3/src/is-neighbour.js": {"path":"/Users/holdes07/Code/games/personal/mini-match-3/src/is-neighbour.js","statementMap":{"0":{"start":{"line":1,"column":20},"end":{"line":4,"column":1}},"1":{"start":{"line":2,"column":2},"end":{"line":3,"column":70}}},"fnMap":{"0":{"name":"(anonymous_0)","decl":{"start":{"line":1,"column":20},"end":{"line":1,"column":21}},"loc":{"start":{"line":2,"column":2},"end":{"line":3,"column":70}},"line":2}},"branchMap":{"0":{"loc":{"start":{"line":2,"column":2},"end":{"line":3,"column":70}},"type":"binary-expr","locations":[{"start":{"line":2,"column":3},"end":{"line":2,"column":34}},{"start":{"line":2,"column":38},"end":{"line":2,"column":69}},{"start":{"line":3,"column":3},"end":{"line":3,"column":34}},{"start":{"line":3,"column":38},"end":{"line":3,"column":69}}],"line":2}},"s":{"0":1,"1":9},"f":{"0":9},"b":{"0":[9,6,7,6]},"_coverageSchema":"332fd63041d2c1bcb487cc26dd0d5f7d97098a6c","hash":"20c583ffd58266695810b5b18066e73ae5b38d25"}
,"/Users/holdes07/Code/games/personal/mini-match-3/src/swap.js": {"path":"/Users/holdes07/Code/games/personal/mini-match-3/src/swap.js","statementMap":{"0":{"start":{"line":5,"column":4},"end":{"line":5,"column":20}},"1":{"start":{"line":6,"column":4},"end":{"line":6,"column":28}},"2":{"start":{"line":10,"column":4},"end":{"line":14,"column":5}},"3":{"start":{"line":11,"column":6},"end":{"line":11,"column":40}},"4":{"start":{"line":13,"column":6},"end":{"line":13,"column":18}},"5":{"start":{"line":18,"column":20},"end":{"line":18,"column":45}},"6":{"start":{"line":19,"column":17},"end":{"line":19,"column":58}},"7":{"start":{"line":20,"column":17},"end":{"line":20,"column":50}},"8":{"start":{"line":21,"column":4},"end":{"line":21,"column":52}},"9":{"start":{"line":22,"column":4},"end":{"line":22,"column":44}},"10":{"start":{"line":23,"column":4},"end":{"line":23,"column":29}},"11":{"start":{"line":24,"column":4},"end":{"line":24,"column":15}}},"fnMap":{"0":{"name":"(anonymous_0)","decl":{"start":{"line":4,"column":2},"end":{"line":4,"column":3}},"loc":{"start":{"line":4,"column":30},"end":{"line":7,"column":3}},"line":4},"1":{"name":"(anonymous_1)","decl":{"start":{"line":9,"column":2},"end":{"line":9,"column":3}},"loc":{"start":{"line":9,"column":18},"end":{"line":15,"column":3}},"line":9},"2":{"name":"(anonymous_2)","decl":{"start":{"line":17,"column":2},"end":{"line":17,"column":3}},"loc":{"start":{"line":17,"column":25},"end":{"line":25,"column":3}},"line":17}},"branchMap":{"0":{"loc":{"start":{"line":10,"column":4},"end":{"line":14,"column":5}},"type":"if","locations":[{"start":{"line":10,"column":4},"end":{"line":14,"column":5}},{"start":{"line":10,"column":4},"end":{"line":14,"column":5}}],"line":10}},"s":{"0":9,"1":9,"2":9,"3":4,"4":5,"5":4,"6":4,"7":4,"8":4,"9":4,"10":4,"11":4},"f":{"0":9,"1":9,"2":4},"b":{"0":[4,5]},"_coverageSchema":"332fd63041d2c1bcb487cc26dd0d5f7d97098a6c","hash":"26cfe3499eacfad71ee641f55ff5c93167c52d37"}
}
