TN:
SF:/Users/holdes07/Code/games/personal/mini-match-3/src/gem.js
FN:2,(anonymous_0)
FNF:1
FNH:1
FNDA:360,(anonymous_0)
DA:3,360
LF:1
LH:1
BRF:0
BRH:0
end_of_record
TN:
SF:/Users/holdes07/Code/games/personal/mini-match-3/src/grid.js
FN:5,(anonymous_0)
FN:10,(anonymous_1)
FN:11,(anonymous_2)
FN:11,(anonymous_3)
FN:14,(anonymous_4)
FN:18,(anonymous_5)
FN:22,(anonymous_6)
FNF:7
FNH:7
FNDA:10,(anonymous_0)
FNDA:10,(anonymous_1)
FNDA:60,(anonymous_2)
FNDA:360,(anonymous_3)
FNDA:10,(anonymous_4)
FNDA:9,(anonymous_5)
FNDA:4,(anonymous_6)
DA:6,10
DA:7,10
DA:11,360
DA:15,10
DA:19,9
DA:23,4
LF:6
LH:6
BRF:0
BRH:0
end_of_record
TN:
SF:/Users/holdes07/Code/games/personal/mini-match-3/src/is-neighbour.js
FN:1,(anonymous_0)
FNF:1
FNH:1
FNDA:9,(anonymous_0)
DA:1,1
DA:2,9
LF:2
LH:2
BRDA:2,0,0,9
BRDA:2,0,1,6
BRDA:2,0,2,7
BRDA:2,0,3,6
BRF:4
BRH:4
end_of_record
TN:
SF:/Users/holdes07/Code/games/personal/mini-match-3/src/swap.js
FN:4,(anonymous_0)
FN:9,(anonymous_1)
FN:17,(anonymous_2)
FNF:3
FNH:3
FNDA:9,(anonymous_0)
FNDA:9,(anonymous_1)
FNDA:4,(anonymous_2)
DA:5,9
DA:6,9
DA:10,9
DA:11,4
DA:13,5
DA:18,4
DA:19,4
DA:20,4
DA:21,4
DA:22,4
DA:23,4
DA:24,4
LF:12
LH:12
BRDA:10,0,0,4
BRDA:10,0,1,5
BRF:2
BRH:2
end_of_record
